<?xml version="1.0" encoding="UTF-8"?>
<!-- Generated by org.testng.reporters.JUnitReportReporter -->
<testsuite hostname="LIN51017941" failures="0" tests="3" name="opack.P5" time="0.004" errors="0" timestamp="2023-08-23T11:05:47 IST" skipped="0">
  <testcase classname="opack.P5" name="Registration" time="0.002"/>
  <testcase classname="opack.P5" name="Login" time="0.001"/>
  <testcase classname="opack.P5" name="logout" time="0.001"/>
</testsuite> <!-- opack.P5 -->
