<?xml version="1.0" encoding="UTF-8"?>
<!-- Generated by org.testng.reporters.JUnitReportReporter -->
<testsuite hostname="LIN51017941" failures="0" tests="1" name="apack.Classone" time="0.007" errors="0" timestamp="2023-08-23T12:34:09 IST" skipped="0">
  <testcase classname="apack.Classone" name="Methodone" time="0.007"/>
</testsuite> <!-- apack.Classone -->
