<?xml version="1.0" encoding="UTF-8"?>
<!-- Generated by org.testng.reporters.JUnitReportReporter -->
<testsuite hostname="LIN51017941" failures="0" tests="1" name="cpack.Classthree" time="0.001" errors="0" timestamp="2023-08-23T12:34:09 IST" skipped="0">
  <testcase classname="cpack.Classthree" name="MethodThree" time="0.001"/>
</testsuite> <!-- cpack.Classthree -->
