<?xml version="1.0" encoding="UTF-8"?>
<!-- Generated by org.testng.reporters.JUnitReportReporter -->
<testsuite hostname="LIN51017941" failures="0" tests="1" name="bpack.Classtwo" time="0.002" errors="0" timestamp="2023-08-23T11:05:47 IST" skipped="0">
  <testcase classname="bpack.Classtwo" name="MethodTwo" time="0.002"/>
</testsuite> <!-- bpack.Classtwo -->
