<?xml version="1.0" encoding="UTF-8"?>
<!-- Generated by org.testng.reporters.JUnitReportReporter -->
<testsuite hostname="LIN51017941" failures="0" tests="3" name="opack.P7" time="0.016" errors="0" timestamp="2023-10-07T13:12:22 IST" skipped="0">
  <testcase classname="opack.P7" name="Registration" time="0.006"/>
  <testcase classname="opack.P7" name="Login" time="0.003"/>
  <testcase classname="opack.P7" name="logout" time="0.007"/>
</testsuite> <!-- opack.P7 -->
