<?xml version="1.0" encoding="UTF-8"?>
<!-- Generated by org.testng.reporters.JUnitReportReporter -->
<testsuite hostname="LIN51017941" failures="0" tests="1" name="opack.P4" time="0.010" errors="0" timestamp="2023-10-07T13:08:44 IST" skipped="1">
  <testcase classname="opack.P4" name="Automation" time="0.010">
    <skipped/>
  </testcase> <!-- Automation -->
</testsuite> <!-- opack.P4 -->
