<?xml version="1.0" encoding="UTF-8"?>
<!-- Generated by org.testng.reporters.JUnitReportReporter -->
<testsuite hostname="LIN51017941" failures="0" tests="3" name="opack.P8" time="0.010" errors="0" timestamp="2023-10-07T13:13:31 IST" skipped="0">
  <testcase classname="opack.P8" name="Registration" time="0.005"/>
  <testcase classname="opack.P8" name="Login" time="0.002"/>
  <testcase classname="opack.P8" name="logout" time="0.003"/>
</testsuite> <!-- opack.P8 -->
